<?xml version="1.0" encoding="UTF-8"?>
<!-- Generated by org.testng.reporters.JUnitXMLReporter -->
<testsuite ignored="12" hostname="suraj-db22" failures="0" tests="13" name="Test" time="0.748" errors="0" timestamp="2023-10-13T18:12:18 IST">
  <testcase classname="com.vyasa.tests.TestBase" name="@BeforeSuite initDriver" time="2.28">
    <failure type="org.openqa.selenium.SessionNotCreatedException" message="session not created: This version of ChromeDriver only supports Chrome version 114
Current browser version is 118.0.5993.71 with binary path C:\Program Files\Google\Chrome\Application\chrome.exe
Build info: version: &amp;apos;3.141.59&amp;apos;, revision: &amp;apos;e82be7d358&amp;apos;, time: &amp;apos;2018-11-14T08:17:03&amp;apos;
System info: host: &amp;apos;SURAJ-DB22&amp;apos;, ip: &amp;apos;192.168.1.188&amp;apos;, os.name: &amp;apos;Windows 11&amp;apos;, os.arch: &amp;apos;amd64&amp;apos;, os.version: &amp;apos;10.0&amp;apos;, java.version: &amp;apos;17.0.8&amp;apos;
Driver info: driver.version: ChromeDriver
remote stacktrace: Backtrace:
	GetHandleVerifier [0x0119A813+48355]
	(No symbol) [0x0112C4B1]
	(No symbol) [0x01035358]
	(No symbol) [0x010561AC]
	(No symbol) [0x01051EF3]
	(No symbol) [0x01050579]
	(No symbol) [0x01080C55]
	(No symbol) [0x0108093C]
	(No symbol) [0x0107A536]
	(No symbol) [0x010582DC]
	(No symbol) [0x010593DD]
	GetHandleVerifier [0x013FAABD+2539405]
	GetHandleVerifier [0x0143A78F+2800735]
	GetHandleVerifier [0x0143456C+2775612]
	GetHandleVerifier [0x012251E0+616112]
	(No symbol) [0x01135F8C]
	(No symbol) [0x01132328]
	(No symbol) [0x0113240B]
	(No symbol) [0x01124FF7]
	BaseThreadInitThunk [0x76707BA9+25]
	RtlInitializeExceptionChain [0x7741B79B+107]
	RtlClearBits [0x7741B71F+191]
">
      <![CDATA[org.openqa.selenium.SessionNotCreatedException: session not created: This version of ChromeDriver only supports Chrome version 114
Current browser version is 118.0.5993.71 with binary path C:\Program Files\Google\Chrome\Application\chrome.exe
Build info: version: '3.141.59', revision: 'e82be7d358', time: '2018-11-14T08:17:03'
System info: host: 'SURAJ-DB22', ip: '192.168.1.188', os.name: 'Windows 11', os.arch: 'amd64', os.version: '10.0', java.version: '17.0.8'
Driver info: driver.version: ChromeDriver
remote stacktrace: Backtrace:
GetHandleVerifier [0x0119A813+48355]
(No symbol) [0x0112C4B1]
(No symbol) [0x01035358]
(No symbol) [0x010561AC]
(No symbol) [0x01051EF3]
(No symbol) [0x01050579]
(No symbol) [0x01080C55]
(No symbol) [0x0108093C]
(No symbol) [0x0107A536]
(No symbol) [0x010582DC]
(No symbol) [0x010593DD]
GetHandleVerifier [0x013FAABD+2539405]
GetHandleVerifier [0x0143A78F+2800735]
GetHandleVerifier [0x0143456C+2775612]
GetHandleVerifier [0x012251E0+616112]
(No symbol) [0x01135F8C]
(No symbol) [0x01132328]
(No symbol) [0x0113240B]
(No symbol) [0x01124FF7]
BaseThreadInitThunk [0x76707BA9+25]
RtlInitializeExceptionChain [0x7741B79B+107]
RtlClearBits [0x7741B71F+191]

at org.openqa.selenium.remote.W3CHandshakeResponse.lambda$errorHandler$0(W3CHandshakeResponse.java:62)
at org.openqa.selenium.remote.HandshakeResponse.lambda$getResponseFunction$0(HandshakeResponse.java:30)
at org.openqa.selenium.remote.ProtocolHandshake.lambda$createSession$0(ProtocolHandshake.java:126)
at java.base/java.util.stream.ReferencePipeline$3$1.accept(ReferencePipeline.java:197)
at java.base/java.util.Spliterators$ArraySpliterator.tryAdvance(Spliterators.java:1002)
at java.base/java.util.stream.ReferencePipeline.forEachWithCancel(ReferencePipeline.java:129)
at java.base/java.util.stream.AbstractPipeline.copyIntoWithCancel(AbstractPipeline.java:527)
at java.base/java.util.stream.AbstractPipeline.copyInto(AbstractPipeline.java:513)
at java.base/java.util.stream.AbstractPipeline.wrapAndCopyInto(AbstractPipeline.java:499)
at java.base/java.util.stream.FindOps$FindOp.evaluateSequential(FindOps.java:150)
at java.base/java.util.stream.AbstractPipeline.evaluate(AbstractPipeline.java:234)
at java.base/java.util.stream.ReferencePipeline.findFirst(ReferencePipeline.java:647)
at org.openqa.selenium.remote.ProtocolHandshake.createSession(ProtocolHandshake.java:128)
at org.openqa.selenium.remote.ProtocolHandshake.createSession(ProtocolHandshake.java:74)
at org.openqa.selenium.remote.HttpCommandExecutor.execute(HttpCommandExecutor.java:136)
at org.openqa.selenium.remote.service.DriverCommandExecutor.execute(DriverCommandExecutor.java:83)
at org.openqa.selenium.remote.RemoteWebDriver.execute(RemoteWebDriver.java:552)
at org.openqa.selenium.remote.RemoteWebDriver.startSession(RemoteWebDriver.java:213)
at org.openqa.selenium.remote.RemoteWebDriver.<init>(RemoteWebDriver.java:131)
at org.openqa.selenium.chrome.ChromeDriver.<init>(ChromeDriver.java:181)
at org.openqa.selenium.chrome.ChromeDriver.<init>(ChromeDriver.java:168)
at org.openqa.selenium.chrome.ChromeDriver.<init>(ChromeDriver.java:123)
at com.vyasa.tests.TestBase.initDriver(TestBase.java:68)
... Removed 28 stack frames]]>
    </failure>
  </testcase> <!-- @BeforeSuite initDriver -->
  <testcase classname="com.vyasa.tests.TestBase" name="@BeforeTest setupExtentEnv" time="-1.697200937743E9">
    <skipped/>
  </testcase> <!-- @BeforeTest setupExtentEnv -->
  <testcase classname="com.vyasa.tests.DataDrivenTest" name="@BeforeClass openBrowser" time="-1.697200937787E9">
    <skipped/>
  </testcase> <!-- @BeforeClass openBrowser -->
  <testcase classname="com.vyasa.tests.TestBase" name="@BeforeMethod register" time="-1.697200938471E9">
    <skipped/>
  </testcase> <!-- @BeforeMethod register -->
  <testcase classname="com.vyasa.tests.TestBase" name="@AfterMethod tearDown" time="-1.697200938472E9">
    <skipped/>
  </testcase> <!-- @AfterMethod tearDown -->
  <testcase classname="com.vyasa.tests.TestBase" name="@BeforeMethod register" time="-1.697200938473E9">
    <skipped/>
  </testcase> <!-- @BeforeMethod register -->
  <testcase classname="com.vyasa.tests.TestBase" name="@AfterMethod tearDown" time="-1.697200938473E9">
    <skipped/>
  </testcase> <!-- @AfterMethod tearDown -->
  <testcase classname="com.vyasa.tests.TestBase" name="@BeforeMethod register" time="-1.697200938474E9">
    <skipped/>
  </testcase> <!-- @BeforeMethod register -->
  <testcase classname="com.vyasa.tests.TestBase" name="@AfterMethod tearDown" time="-1.697200938474E9">
    <skipped/>
  </testcase> <!-- @AfterMethod tearDown -->
  <testcase classname="com.vyasa.tests.TestBase" name="@BeforeMethod register" time="-1.697200938475E9">
    <skipped/>
  </testcase> <!-- @BeforeMethod register -->
  <testcase classname="com.vyasa.tests.TestBase" name="@AfterMethod tearDown" time="-1.697200938475E9">
    <skipped/>
  </testcase> <!-- @AfterMethod tearDown -->
  <testcase classname="com.vyasa.tests.TestBase" name="@BeforeMethod register" time="-1.697200938476E9">
    <skipped/>
  </testcase> <!-- @BeforeMethod register -->
  <testcase classname="com.vyasa.tests.TestBase" name="@AfterMethod tearDown" time="-1.697200938476E9">
    <skipped/>
  </testcase> <!-- @AfterMethod tearDown -->
  <testcase classname="com.vyasa.tests.TestBase" name="@BeforeMethod register" time="-1.697200938476E9">
    <skipped/>
  </testcase> <!-- @BeforeMethod register -->
  <testcase classname="com.vyasa.tests.TestBase" name="@AfterMethod tearDown" time="-1.697200938478E9">
    <skipped/>
  </testcase> <!-- @AfterMethod tearDown -->
  <testcase classname="com.vyasa.tests.TestBase" name="@BeforeMethod register" time="-1.69720093848E9">
    <skipped/>
  </testcase> <!-- @BeforeMethod register -->
  <testcase classname="com.vyasa.tests.HomePageTests" name="@BeforeMethod Setup" time="-1.69720093848E9">
    <skipped/>
  </testcase> <!-- @BeforeMethod Setup -->
  <testcase classname="com.vyasa.tests.TestBase" name="@AfterMethod tearDown" time="-1.697200938481E9">
    <skipped/>
  </testcase> <!-- @AfterMethod tearDown -->
  <testcase classname="com.vyasa.tests.MyAccountsPageTests" name="@BeforeClass Setup" time="-1.697200938481E9">
    <skipped/>
  </testcase> <!-- @BeforeClass Setup -->
  <testcase classname="com.vyasa.tests.TestBase" name="@BeforeMethod register" time="-1.697200938482E9">
    <skipped/>
  </testcase> <!-- @BeforeMethod register -->
  <testcase classname="com.vyasa.tests.TestBase" name="@AfterMethod tearDown" time="-1.697200938483E9">
    <skipped/>
  </testcase> <!-- @AfterMethod tearDown -->
  <testcase classname="com.vyasa.tests.TestBase" name="@BeforeMethod register" time="-1.697200938484E9">
    <skipped/>
  </testcase> <!-- @BeforeMethod register -->
  <testcase classname="com.vyasa.tests.TestBase" name="@AfterMethod tearDown" time="-1.697200938486E9">
    <skipped/>
  </testcase> <!-- @AfterMethod tearDown -->
  <testcase classname="com.vyasa.tests.TestBase" name="@BeforeMethod register" time="-1.697200938486E9">
    <skipped/>
  </testcase> <!-- @BeforeMethod register -->
  <testcase classname="com.vyasa.tests.HomePageTests" name="@BeforeMethod Setup" time="-1.697200938487E9">
    <skipped/>
  </testcase> <!-- @BeforeMethod Setup -->
  <testcase classname="com.vyasa.tests.TestBase" name="@AfterMethod tearDown" time="-1.697200938487E9">
    <skipped/>
  </testcase> <!-- @AfterMethod tearDown -->
  <testcase classname="com.vyasa.tests.TestBase" name="@BeforeMethod register" time="-1.697200938488E9">
    <skipped/>
  </testcase> <!-- @BeforeMethod register -->
  <testcase classname="com.vyasa.tests.HomePageTests" name="@BeforeMethod Setup" time="-1.697200938488E9">
    <skipped/>
  </testcase> <!-- @BeforeMethod Setup -->
  <testcase classname="com.vyasa.tests.TestBase" name="@AfterMethod tearDown" time="-1.697200938488E9">
    <skipped/>
  </testcase> <!-- @AfterMethod tearDown -->
  <testcase classname="com.vyasa.tests.TestBase" name="@BeforeMethod register" time="-1.697200938489E9">
    <skipped/>
  </testcase> <!-- @BeforeMethod register -->
  <testcase classname="com.vyasa.tests.HomePageTests" name="@BeforeMethod Setup" time="-1.697200938489E9">
    <skipped/>
  </testcase> <!-- @BeforeMethod Setup -->
  <testcase classname="com.vyasa.tests.TestBase" name="@AfterMethod tearDown" time="-1.697200938489E9">
    <skipped/>
  </testcase> <!-- @AfterMethod tearDown -->
  <testcase classname="com.vyasa.tests.TestBase" name="@BeforeMethod register" time="-1.69720093849E9">
    <skipped/>
  </testcase> <!-- @BeforeMethod register -->
  <testcase classname="com.vyasa.tests.HomePageTests" name="@BeforeMethod Setup" time="-1.69720093849E9">
    <skipped/>
  </testcase> <!-- @BeforeMethod Setup -->
  <testcase classname="com.vyasa.tests.TestBase" name="@AfterMethod tearDown" time="-1.697200938491E9">
    <skipped/>
  </testcase> <!-- @AfterMethod tearDown -->
  <testcase classname="com.vyasa.tests.TestBase" name="@AfterTest cleanup" time="-1.697200938491E9">
    <skipped/>
  </testcase> <!-- @AfterTest cleanup -->
  <testcase classname="com.vyasa.tests.DataDrivenTest" name="loginform" time="0.0">
    <skipped/>
  </testcase> <!-- loginform -->
  <testcase classname="com.vyasa.tests.DataDrivenTest" name="loginform" time="0.0">
    <skipped/>
  </testcase> <!-- loginform -->
  <testcase classname="com.vyasa.tests.DataDrivenTest" name="loginform" time="0.0">
    <skipped/>
  </testcase> <!-- loginform -->
  <testcase classname="com.vyasa.tests.DataDrivenTest" name="loginform" time="0.0">
    <skipped/>
  </testcase> <!-- loginform -->
  <testcase classname="com.vyasa.tests.DataDrivenTest" name="loginform" time="0.0">
    <skipped/>
  </testcase> <!-- loginform -->
  <testcase classname="com.vyasa.tests.DataDrivenTest" name="loginform" time="0.0">
    <skipped/>
  </testcase> <!-- loginform -->
  <testcase classname="com.vyasa.tests.HomePageTests" name="verifyHomePageTitle" time="0.0">
    <skipped/>
  </testcase> <!-- verifyHomePageTitle -->
  <testcase classname="com.vyasa.tests.MyAccountsPageTests" name="verifyloginToMyAccount" time="0.0">
    <skipped/>
  </testcase> <!-- verifyloginToMyAccount -->
  <testcase classname="com.vyasa.tests.MyAccountsPageTests" name="verfiyLogoutToMyAccount" time="0.0">
    <skipped/>
  </testcase> <!-- verfiyLogoutToMyAccount -->
  <testcase classname="com.vyasa.tests.HomePageTests" name="verifyNewArrivalsDisplayed" time="0.0">
    <skipped/>
  </testcase> <!-- verifyNewArrivalsDisplayed -->
  <testcase classname="com.vyasa.tests.HomePageTests" name="verifyFirstBookTitle" time="0.0">
    <skipped/>
  </testcase> <!-- verifyFirstBookTitle -->
  <testcase classname="com.vyasa.tests.HomePageTests" name="verifySecondBookTitle" time="0.0">
    <skipped/>
  </testcase> <!-- verifySecondBookTitle -->
  <testcase classname="com.vyasa.tests.HomePageTests" name="verifyThrirdBookTitle" time="0.0">
    <skipped/>
  </testcase> <!-- verifyThrirdBookTitle -->
  <testcase classname="com.vyasa.tests.TestBase" name="@BeforeTest setupExtentEnv" time="0.0">
    <ignored/>
  </testcase> <!-- @BeforeTest setupExtentEnv -->
  <testcase classname="com.vyasa.tests.TestBase" name="@BeforeTest setupExtentEnv" time="0.0">
    <ignored/>
  </testcase> <!-- @BeforeTest setupExtentEnv -->
  <testcase classname="com.vyasa.tests.TestBase" name="@BeforeTest setupExtentEnv" time="0.0">
    <ignored/>
  </testcase> <!-- @BeforeTest setupExtentEnv -->
  <testcase classname="com.vyasa.tests.TestBase" name="@AfterTest cleanup" time="0.0">
    <ignored/>
  </testcase> <!-- @AfterTest cleanup -->
  <testcase classname="com.vyasa.tests.TestBase" name="@AfterTest cleanup" time="0.0">
    <ignored/>
  </testcase> <!-- @AfterTest cleanup -->
  <testcase classname="com.vyasa.tests.TestBase" name="@AfterTest cleanup" time="0.0">
    <ignored/>
  </testcase> <!-- @AfterTest cleanup -->
  <testcase classname="com.vyasa.tests.TestBase" name="@AfterSuite browserTeardown" time="0.0">
    <ignored/>
  </testcase> <!-- @AfterSuite browserTeardown -->
  <testcase classname="com.vyasa.tests.TestBase" name="@AfterSuite browserTeardown" time="0.0">
    <ignored/>
  </testcase> <!-- @AfterSuite browserTeardown -->
  <testcase classname="com.vyasa.tests.TestBase" name="@AfterSuite browserTeardown" time="0.0">
    <ignored/>
  </testcase> <!-- @AfterSuite browserTeardown -->
  <testcase classname="com.vyasa.tests.TestBase" name="@BeforeSuite initDriver" time="0.0">
    <ignored/>
  </testcase> <!-- @BeforeSuite initDriver -->
  <testcase classname="com.vyasa.tests.TestBase" name="@BeforeSuite initDriver" time="0.0">
    <ignored/>
  </testcase> <!-- @BeforeSuite initDriver -->
  <testcase classname="com.vyasa.tests.TestBase" name="@BeforeSuite initDriver" time="0.0">
    <ignored/>
  </testcase> <!-- @BeforeSuite initDriver -->
</testsuite> <!-- Test -->
