<?xml version="1.0" encoding="UTF-8"?>
<testsuite xmlns:xsi="http://www.w3.org/2001/XMLSchema-instance" xsi:noNamespaceSchemaLocation="https://maven.apache.org/surefire/maven-surefire-plugin/xsd/surefire-test-report-3.0.xsd" version="3.0" name="TestSuite" time="3.987" tests="50" errors="0" skipped="49" failures="1">
  <properties>
    <property name="java.specification.version" value="17"/>
    <property name="webdriver.chrome.driver" value=".\drivers\chromedriver.exe"/>
    <property name="sun.cpu.isalist" value="amd64"/>
    <property name="sun.jnu.encoding" value="Cp1252"/>
    <property name="java.class.path" value="D:\Eclipse Workplace\ProjectFramework\target\test-classes;D:\Eclipse Workplace\ProjectFramework\target\classes;C:\Users\Suraj Vishwas\.m2\repository\io\github\bonigarcia\webdrivermanager\5.3.1\webdrivermanager-5.3.1.jar;C:\Users\Suraj Vishwas\.m2\repository\org\slf4j\slf4j-api\2.0.3\slf4j-api-2.0.3.jar;C:\Users\Suraj Vishwas\.m2\repository\com\google\code\gson\gson\2.10\gson-2.10.jar;C:\Users\Suraj Vishwas\.m2\repository\com\github\docker-java\docker-java\3.2.13\docker-java-3.2.13.jar;C:\Users\Suraj Vishwas\.m2\repository\com\github\docker-java\docker-java-core\3.2.13\docker-java-core-3.2.13.jar;C:\Users\Suraj Vishwas\.m2\repository\com\github\docker-java\docker-java-api\3.2.13\docker-java-api-3.2.13.jar;C:\Users\Suraj Vishwas\.m2\repository\com\fasterxml\jackson\core\jackson-annotations\2.10.3\jackson-annotations-2.10.3.jar;C:\Users\Suraj Vishwas\.m2\repository\org\apache\commons\commons-compress\1.21\commons-compress-1.21.jar;C:\Users\Suraj Vishwas\.m2\repository\com\fasterxml\jackson\core\jackson-databind\2.10.3\jackson-databind-2.10.3.jar;C:\Users\Suraj Vishwas\.m2\repository\com\fasterxml\jackson\core\jackson-core\2.10.3\jackson-core-2.10.3.jar;C:\Users\Suraj Vishwas\.m2\repository\org\bouncycastle\bcpkix-jdk15on\1.64\bcpkix-jdk15on-1.64.jar;C:\Users\Suraj Vishwas\.m2\repository\org\bouncycastle\bcprov-jdk15on\1.64\bcprov-jdk15on-1.64.jar;C:\Users\Suraj Vishwas\.m2\repository\org\slf4j\jcl-over-slf4j\1.7.30\jcl-over-slf4j-1.7.30.jar;C:\Users\Suraj Vishwas\.m2\repository\com\github\docker-java\docker-java-transport-httpclient5\3.2.13\docker-java-transport-httpclient5-3.2.13.jar;C:\Users\Suraj Vishwas\.m2\repository\com\github\docker-java\docker-java-transport\3.2.13\docker-java-transport-3.2.13.jar;C:\Users\Suraj Vishwas\.m2\repository\net\java\dev\jna\jna\5.8.0\jna-5.8.0.jar;C:\Users\Suraj Vishwas\.m2\repository\org\brotli\dec\0.1.2\dec-0.1.2.jar;C:\Users\Suraj Vishwas\.m2\repository\org\apache\commons\commons-lang3\3.12.0\commons-lang3-3.12.0.jar;C:\Users\Suraj Vishwas\.m2\repository\org\apache\httpcomponents\client5\httpclient5\5.1.3\httpclient5-5.1.3.jar;C:\Users\Suraj Vishwas\.m2\repository\org\apache\httpcomponents\core5\httpcore5\5.1.3\httpcore5-5.1.3.jar;C:\Users\Suraj Vishwas\.m2\repository\org\apache\httpcomponents\core5\httpcore5-h2\5.1.3\httpcore5-h2-5.1.3.jar;C:\Users\Suraj Vishwas\.m2\repository\org\seleniumhq\selenium\selenium-java\3.141.59\selenium-java-3.141.59.jar;C:\Users\Suraj Vishwas\.m2\repository\org\seleniumhq\selenium\selenium-api\3.141.59\selenium-api-3.141.59.jar;C:\Users\Suraj Vishwas\.m2\repository\org\seleniumhq\selenium\selenium-chrome-driver\3.141.59\selenium-chrome-driver-3.141.59.jar;C:\Users\Suraj Vishwas\.m2\repository\org\seleniumhq\selenium\selenium-edge-driver\3.141.59\selenium-edge-driver-3.141.59.jar;C:\Users\Suraj Vishwas\.m2\repository\org\seleniumhq\selenium\selenium-firefox-driver\3.141.59\selenium-firefox-driver-3.141.59.jar;C:\Users\Suraj Vishwas\.m2\repository\org\seleniumhq\selenium\selenium-ie-driver\3.141.59\selenium-ie-driver-3.141.59.jar;C:\Users\Suraj Vishwas\.m2\repository\org\seleniumhq\selenium\selenium-opera-driver\3.141.59\selenium-opera-driver-3.141.59.jar;C:\Users\Suraj Vishwas\.m2\repository\org\seleniumhq\selenium\selenium-remote-driver\3.141.59\selenium-remote-driver-3.141.59.jar;C:\Users\Suraj Vishwas\.m2\repository\org\seleniumhq\selenium\selenium-safari-driver\3.141.59\selenium-safari-driver-3.141.59.jar;C:\Users\Suraj Vishwas\.m2\repository\org\seleniumhq\selenium\selenium-support\3.141.59\selenium-support-3.141.59.jar;C:\Users\Suraj Vishwas\.m2\repository\net\bytebuddy\byte-buddy\1.8.15\byte-buddy-1.8.15.jar;C:\Users\Suraj Vishwas\.m2\repository\org\apache\commons\commons-exec\1.3\commons-exec-1.3.jar;C:\Users\Suraj Vishwas\.m2\repository\com\google\guava\guava\25.0-jre\guava-25.0-jre.jar;C:\Users\Suraj Vishwas\.m2\repository\com\google\code\findbugs\jsr305\1.3.9\jsr305-1.3.9.jar;C:\Users\Suraj Vishwas\.m2\repository\org\checkerframework\checker-compat-qual\2.0.0\checker-compat-qual-2.0.0.jar;C:\Users\Suraj Vishwas\.m2\repository\com\google\errorprone\error_prone_annotations\2.1.3\error_prone_annotations-2.1.3.jar;C:\Users\Suraj Vishwas\.m2\repository\com\google\j2objc\j2objc-annotations\1.1\j2objc-annotations-1.1.jar;C:\Users\Suraj Vishwas\.m2\repository\org\codehaus\mojo\animal-sniffer-annotations\1.14\animal-sniffer-annotations-1.14.jar;C:\Users\Suraj Vishwas\.m2\repository\com\squareup\okhttp3\okhttp\3.11.0\okhttp-3.11.0.jar;C:\Users\Suraj Vishwas\.m2\repository\com\squareup\okio\okio\1.14.0\okio-1.14.0.jar;C:\Users\Suraj Vishwas\.m2\repository\org\testng\testng\7.1.0\testng-7.1.0.jar;C:\Users\Suraj Vishwas\.m2\repository\com\beust\jcommander\1.72\jcommander-1.72.jar;C:\Users\Suraj Vishwas\.m2\repository\com\google\inject\guice\4.1.0\guice-4.1.0-no_aop.jar;C:\Users\Suraj Vishwas\.m2\repository\javax\inject\javax.inject\1\javax.inject-1.jar;C:\Users\Suraj Vishwas\.m2\repository\aopalliance\aopalliance\1.0\aopalliance-1.0.jar;C:\Users\Suraj Vishwas\.m2\repository\org\yaml\snakeyaml\1.21\snakeyaml-1.21.jar;C:\Users\Suraj Vishwas\.m2\repository\com\microsoft\edge\msedge-selenium-tools-java\3.141.0\msedge-selenium-tools-java-3.141.0.jar;C:\Users\Suraj Vishwas\.m2\repository\commons-io\commons-io\2.11.0\commons-io-2.11.0.jar;C:\Users\Suraj Vishwas\.m2\repository\commons-logging\commons-logging\1.2\commons-logging-1.2.jar;C:\Users\Suraj Vishwas\.m2\repository\com\aventstack\extentreports\3.1.5\extentreports-3.1.5.jar;C:\Users\Suraj Vishwas\.m2\repository\org\freemarker\freemarker\2.3.23\freemarker-2.3.23.jar;C:\Users\Suraj Vishwas\.m2\repository\org\mongodb\mongodb-driver\3.3.0\mongodb-driver-3.3.0.jar;C:\Users\Suraj Vishwas\.m2\repository\org\mongodb\bson\3.3.0\bson-3.3.0.jar;C:\Users\Suraj Vishwas\.m2\repository\org\mongodb\mongodb-driver-core\3.3.0\mongodb-driver-core-3.3.0.jar;C:\Users\Suraj Vishwas\.m2\repository\org\apache\httpcomponents\httpclient\4.5.2\httpclient-4.5.2.jar;C:\Users\Suraj Vishwas\.m2\repository\org\apache\httpcomponents\httpcore\4.4.4\httpcore-4.4.4.jar;C:\Users\Suraj Vishwas\.m2\repository\org\apache\httpcomponents\httpmime\4.5.2\httpmime-4.5.2.jar;C:\Users\Suraj Vishwas\.m2\repository\org\jsoup\jsoup\1.9.2\jsoup-1.9.2.jar;C:\Users\Suraj Vishwas\.m2\repository\org\apache\poi\poi\3.17\poi-3.17.jar;C:\Users\Suraj Vishwas\.m2\repository\commons-codec\commons-codec\1.10\commons-codec-1.10.jar;C:\Users\Suraj Vishwas\.m2\repository\org\apache\commons\commons-collections4\4.1\commons-collections4-4.1.jar;C:\Users\Suraj Vishwas\.m2\repository\org\apache\poi\poi-ooxml\3.17\poi-ooxml-3.17.jar;C:\Users\Suraj Vishwas\.m2\repository\org\apache\poi\poi-ooxml-schemas\3.17\poi-ooxml-schemas-3.17.jar;C:\Users\Suraj Vishwas\.m2\repository\org\apache\xmlbeans\xmlbeans\2.6.0\xmlbeans-2.6.0.jar;C:\Users\Suraj Vishwas\.m2\repository\stax\stax-api\1.0.1\stax-api-1.0.1.jar;C:\Users\Suraj Vishwas\.m2\repository\com\github\virtuald\curvesapi\1.04\curvesapi-1.04.jar;C:\Users\Suraj Vishwas\.m2\repository\log4j\log4j\1.2.17\log4j-1.2.17.jar;C:\Users\Suraj Vishwas\.m2\repository\mysql\mysql-connector-java\8.0.27\mysql-connector-java-8.0.27.jar;C:\Users\Suraj Vishwas\.m2\repository\com\google\protobuf\protobuf-java\3.11.4\protobuf-java-3.11.4.jar;"/>
    <property name="java.vm.vendor" value="Eclipse Adoptium"/>
    <property name="sun.arch.data.model" value="64"/>
    <property name="user.variant" value=""/>
    <property name="java.vendor.url" value="https://adoptium.net/"/>
    <property name="user.timezone" value="Asia/Calcutta"/>
    <property name="os.name" value="Windows 11"/>
    <property name="java.vm.specification.version" value="17"/>
    <property name="sun.java.launcher" value="SUN_STANDARD"/>
    <property name="user.country" value="US"/>
    <property name="sun.boot.library.path" value="C:\Users\Suraj Vishwas\.p2\pool\plugins\org.eclipse.justj.openjdk.hotspot.jre.full.win32.x86_64_17.0.8.v20230801-1951\jre\bin"/>
    <property name="sun.java.command" value="C:\Users\Suraj Vishwas\AppData\Local\Temp\surefire669778771788373041\surefirebooter12810446740517556963.jar C:\Users\Suraj Vishwas\AppData\Local\Temp\surefire669778771788373041 2023-10-13T18-12-11_955-jvmRun1 surefire5093489627991193798tmp surefire_08720136260263885772tmp"/>
    <property name="jdk.debug" value="release"/>
    <property name="surefire.test.class.path" value="D:\Eclipse Workplace\ProjectFramework\target\test-classes;D:\Eclipse Workplace\ProjectFramework\target\classes;C:\Users\Suraj Vishwas\.m2\repository\io\github\bonigarcia\webdrivermanager\5.3.1\webdrivermanager-5.3.1.jar;C:\Users\Suraj Vishwas\.m2\repository\org\slf4j\slf4j-api\2.0.3\slf4j-api-2.0.3.jar;C:\Users\Suraj Vishwas\.m2\repository\com\google\code\gson\gson\2.10\gson-2.10.jar;C:\Users\Suraj Vishwas\.m2\repository\com\github\docker-java\docker-java\3.2.13\docker-java-3.2.13.jar;C:\Users\Suraj Vishwas\.m2\repository\com\github\docker-java\docker-java-core\3.2.13\docker-java-core-3.2.13.jar;C:\Users\Suraj Vishwas\.m2\repository\com\github\docker-java\docker-java-api\3.2.13\docker-java-api-3.2.13.jar;C:\Users\Suraj Vishwas\.m2\repository\com\fasterxml\jackson\core\jackson-annotations\2.10.3\jackson-annotations-2.10.3.jar;C:\Users\Suraj Vishwas\.m2\repository\org\apache\commons\commons-compress\1.21\commons-compress-1.21.jar;C:\Users\Suraj Vishwas\.m2\repository\com\fasterxml\jackson\core\jackson-databind\2.10.3\jackson-databind-2.10.3.jar;C:\Users\Suraj Vishwas\.m2\repository\com\fasterxml\jackson\core\jackson-core\2.10.3\jackson-core-2.10.3.jar;C:\Users\Suraj Vishwas\.m2\repository\org\bouncycastle\bcpkix-jdk15on\1.64\bcpkix-jdk15on-1.64.jar;C:\Users\Suraj Vishwas\.m2\repository\org\bouncycastle\bcprov-jdk15on\1.64\bcprov-jdk15on-1.64.jar;C:\Users\Suraj Vishwas\.m2\repository\org\slf4j\jcl-over-slf4j\1.7.30\jcl-over-slf4j-1.7.30.jar;C:\Users\Suraj Vishwas\.m2\repository\com\github\docker-java\docker-java-transport-httpclient5\3.2.13\docker-java-transport-httpclient5-3.2.13.jar;C:\Users\Suraj Vishwas\.m2\repository\com\github\docker-java\docker-java-transport\3.2.13\docker-java-transport-3.2.13.jar;C:\Users\Suraj Vishwas\.m2\repository\net\java\dev\jna\jna\5.8.0\jna-5.8.0.jar;C:\Users\Suraj Vishwas\.m2\repository\org\brotli\dec\0.1.2\dec-0.1.2.jar;C:\Users\Suraj Vishwas\.m2\repository\org\apache\commons\commons-lang3\3.12.0\commons-lang3-3.12.0.jar;C:\Users\Suraj Vishwas\.m2\repository\org\apache\httpcomponents\client5\httpclient5\5.1.3\httpclient5-5.1.3.jar;C:\Users\Suraj Vishwas\.m2\repository\org\apache\httpcomponents\core5\httpcore5\5.1.3\httpcore5-5.1.3.jar;C:\Users\Suraj Vishwas\.m2\repository\org\apache\httpcomponents\core5\httpcore5-h2\5.1.3\httpcore5-h2-5.1.3.jar;C:\Users\Suraj Vishwas\.m2\repository\org\seleniumhq\selenium\selenium-java\3.141.59\selenium-java-3.141.59.jar;C:\Users\Suraj Vishwas\.m2\repository\org\seleniumhq\selenium\selenium-api\3.141.59\selenium-api-3.141.59.jar;C:\Users\Suraj Vishwas\.m2\repository\org\seleniumhq\selenium\selenium-chrome-driver\3.141.59\selenium-chrome-driver-3.141.59.jar;C:\Users\Suraj Vishwas\.m2\repository\org\seleniumhq\selenium\selenium-edge-driver\3.141.59\selenium-edge-driver-3.141.59.jar;C:\Users\Suraj Vishwas\.m2\repository\org\seleniumhq\selenium\selenium-firefox-driver\3.141.59\selenium-firefox-driver-3.141.59.jar;C:\Users\Suraj Vishwas\.m2\repository\org\seleniumhq\selenium\selenium-ie-driver\3.141.59\selenium-ie-driver-3.141.59.jar;C:\Users\Suraj Vishwas\.m2\repository\org\seleniumhq\selenium\selenium-opera-driver\3.141.59\selenium-opera-driver-3.141.59.jar;C:\Users\Suraj Vishwas\.m2\repository\org\seleniumhq\selenium\selenium-remote-driver\3.141.59\selenium-remote-driver-3.141.59.jar;C:\Users\Suraj Vishwas\.m2\repository\org\seleniumhq\selenium\selenium-safari-driver\3.141.59\selenium-safari-driver-3.141.59.jar;C:\Users\Suraj Vishwas\.m2\repository\org\seleniumhq\selenium\selenium-support\3.141.59\selenium-support-3.141.59.jar;C:\Users\Suraj Vishwas\.m2\repository\net\bytebuddy\byte-buddy\1.8.15\byte-buddy-1.8.15.jar;C:\Users\Suraj Vishwas\.m2\repository\org\apache\commons\commons-exec\1.3\commons-exec-1.3.jar;C:\Users\Suraj Vishwas\.m2\repository\com\google\guava\guava\25.0-jre\guava-25.0-jre.jar;C:\Users\Suraj Vishwas\.m2\repository\com\google\code\findbugs\jsr305\1.3.9\jsr305-1.3.9.jar;C:\Users\Suraj Vishwas\.m2\repository\org\checkerframework\checker-compat-qual\2.0.0\checker-compat-qual-2.0.0.jar;C:\Users\Suraj Vishwas\.m2\repository\com\google\errorprone\error_prone_annotations\2.1.3\error_prone_annotations-2.1.3.jar;C:\Users\Suraj Vishwas\.m2\repository\com\google\j2objc\j2objc-annotations\1.1\j2objc-annotations-1.1.jar;C:\Users\Suraj Vishwas\.m2\repository\org\codehaus\mojo\animal-sniffer-annotations\1.14\animal-sniffer-annotations-1.14.jar;C:\Users\Suraj Vishwas\.m2\repository\com\squareup\okhttp3\okhttp\3.11.0\okhttp-3.11.0.jar;C:\Users\Suraj Vishwas\.m2\repository\com\squareup\okio\okio\1.14.0\okio-1.14.0.jar;C:\Users\Suraj Vishwas\.m2\repository\org\testng\testng\7.1.0\testng-7.1.0.jar;C:\Users\Suraj Vishwas\.m2\repository\com\beust\jcommander\1.72\jcommander-1.72.jar;C:\Users\Suraj Vishwas\.m2\repository\com\google\inject\guice\4.1.0\guice-4.1.0-no_aop.jar;C:\Users\Suraj Vishwas\.m2\repository\javax\inject\javax.inject\1\javax.inject-1.jar;C:\Users\Suraj Vishwas\.m2\repository\aopalliance\aopalliance\1.0\aopalliance-1.0.jar;C:\Users\Suraj Vishwas\.m2\repository\org\yaml\snakeyaml\1.21\snakeyaml-1.21.jar;C:\Users\Suraj Vishwas\.m2\repository\com\microsoft\edge\msedge-selenium-tools-java\3.141.0\msedge-selenium-tools-java-3.141.0.jar;C:\Users\Suraj Vishwas\.m2\repository\commons-io\commons-io\2.11.0\commons-io-2.11.0.jar;C:\Users\Suraj Vishwas\.m2\repository\commons-logging\commons-logging\1.2\commons-logging-1.2.jar;C:\Users\Suraj Vishwas\.m2\repository\com\aventstack\extentreports\3.1.5\extentreports-3.1.5.jar;C:\Users\Suraj Vishwas\.m2\repository\org\freemarker\freemarker\2.3.23\freemarker-2.3.23.jar;C:\Users\Suraj Vishwas\.m2\repository\org\mongodb\mongodb-driver\3.3.0\mongodb-driver-3.3.0.jar;C:\Users\Suraj Vishwas\.m2\repository\org\mongodb\bson\3.3.0\bson-3.3.0.jar;C:\Users\Suraj Vishwas\.m2\repository\org\mongodb\mongodb-driver-core\3.3.0\mongodb-driver-core-3.3.0.jar;C:\Users\Suraj Vishwas\.m2\repository\org\apache\httpcomponents\httpclient\4.5.2\httpclient-4.5.2.jar;C:\Users\Suraj Vishwas\.m2\repository\org\apache\httpcomponents\httpcore\4.4.4\httpcore-4.4.4.jar;C:\Users\Suraj Vishwas\.m2\repository\org\apache\httpcomponents\httpmime\4.5.2\httpmime-4.5.2.jar;C:\Users\Suraj Vishwas\.m2\repository\org\jsoup\jsoup\1.9.2\jsoup-1.9.2.jar;C:\Users\Suraj Vishwas\.m2\repository\org\apache\poi\poi\3.17\poi-3.17.jar;C:\Users\Suraj Vishwas\.m2\repository\commons-codec\commons-codec\1.10\commons-codec-1.10.jar;C:\Users\Suraj Vishwas\.m2\repository\org\apache\commons\commons-collections4\4.1\commons-collections4-4.1.jar;C:\Users\Suraj Vishwas\.m2\repository\org\apache\poi\poi-ooxml\3.17\poi-ooxml-3.17.jar;C:\Users\Suraj Vishwas\.m2\repository\org\apache\poi\poi-ooxml-schemas\3.17\poi-ooxml-schemas-3.17.jar;C:\Users\Suraj Vishwas\.m2\repository\org\apache\xmlbeans\xmlbeans\2.6.0\xmlbeans-2.6.0.jar;C:\Users\Suraj Vishwas\.m2\repository\stax\stax-api\1.0.1\stax-api-1.0.1.jar;C:\Users\Suraj Vishwas\.m2\repository\com\github\virtuald\curvesapi\1.04\curvesapi-1.04.jar;C:\Users\Suraj Vishwas\.m2\repository\log4j\log4j\1.2.17\log4j-1.2.17.jar;C:\Users\Suraj Vishwas\.m2\repository\mysql\mysql-connector-java\8.0.27\mysql-connector-java-8.0.27.jar;C:\Users\Suraj Vishwas\.m2\repository\com\google\protobuf\protobuf-java\3.11.4\protobuf-java-3.11.4.jar;"/>
    <property name="sun.cpu.endian" value="little"/>
    <property name="user.home" value="C:\Users\Suraj Vishwas"/>
    <property name="user.language" value="en"/>
    <property name="java.specification.vendor" value="Oracle Corporation"/>
    <property name="java.version.date" value="2023-07-18"/>
    <property name="java.home" value="C:\Users\Suraj Vishwas\.p2\pool\plugins\org.eclipse.justj.openjdk.hotspot.jre.full.win32.x86_64_17.0.8.v20230801-1951\jre"/>
    <property name="file.separator" value="\"/>
    <property name="style.color" value="always"/>
    <property name="basedir" value="D:\Eclipse Workplace\ProjectFramework"/>
    <property name="java.vm.compressedOopsMode" value="32-bit"/>
    <property name="line.separator" value="&#10;"/>
    <property name="java.vm.specification.vendor" value="Oracle Corporation"/>
    <property name="java.specification.name" value="Java Platform API Specification"/>
    <property name="surefire.real.class.path" value="C:\Users\Suraj Vishwas\AppData\Local\Temp\surefire669778771788373041\surefirebooter12810446740517556963.jar"/>
    <property name="user.script" value=""/>
    <property name="sun.management.compiler" value="HotSpot 64-Bit Tiered Compilers"/>
    <property name="java.runtime.version" value="17.0.8+7"/>
    <property name="user.name" value="Suraj Vishwas"/>
    <property name="path.separator" value=";"/>
    <property name="os.version" value="10.0"/>
    <property name="java.runtime.name" value="OpenJDK Runtime Environment"/>
    <property name="file.encoding" value="Cp1252"/>
    <property name="java.vm.name" value="OpenJDK 64-Bit Server VM"/>
    <property name="java.vendor.version" value="Temurin-17.0.8+7"/>
    <property name="localRepository" value="C:\Users\Suraj Vishwas\.m2\repository"/>
    <property name="java.vendor.url.bug" value="https://github.com/adoptium/adoptium-support/issues"/>
    <property name="java.io.tmpdir" value="C:\Users\SURAJV~1\AppData\Local\Temp\"/>
    <property name="java.version" value="17.0.8"/>
    <property name="user.dir" value="D:\Eclipse Workplace\ProjectFramework"/>
    <property name="os.arch" value="amd64"/>
    <property name="java.vm.specification.name" value="Java Virtual Machine Specification"/>
    <property name="sun.os.patch.level" value=""/>
    <property name="native.encoding" value="Cp1252"/>
    <property name="java.library.path" value="C:\Users\Suraj Vishwas\.p2\pool\plugins\org.eclipse.justj.openjdk.hotspot.jre.full.win32.x86_64_17.0.8.v20230801-1951\jre\bin;C:\WINDOWS\Sun\Java\bin;C:\WINDOWS\system32;C:\WINDOWS;C:\Users\Suraj Vishwas\.p2\pool\plugins\org.eclipse.justj.openjdk.hotspot.jre.full.win32.x86_64_17.0.8.v20230801-1951\jre\bin;C:/Users/Suraj Vishwas/.p2/pool/plugins/org.eclipse.justj.openjdk.hotspot.jre.full.win32.x86_64_17.0.8.v20230801-1951/jre/bin/server;C:/Users/Suraj Vishwas/.p2/pool/plugins/org.eclipse.justj.openjdk.hotspot.jre.full.win32.x86_64_17.0.8.v20230801-1951/jre/bin;C:\Program Files\Java\jdk-11\bin;D:\Eclipse Workplace\RAWebsiteMavenProject;;C:\Users\Suraj Vishwas\Desktop;;."/>
    <property name="java.vm.info" value="mixed mode"/>
    <property name="java.vendor" value="Eclipse Adoptium"/>
    <property name="java.vm.version" value="17.0.8+7"/>
    <property name="sun.io.unicode.encoding" value="UnicodeLittle"/>
    <property name="java.class.version" value="61.0"/>
  </properties>
  <testcase name="initDriver" classname="com.vyasa.tests.DataDrivenTest" time="3.051">
    <failure message="session not created: This version of ChromeDriver only supports Chrome version 114&#10;Current browser version is 118.0.5993.71 with binary path C:\Program Files\Google\Chrome\Application\chrome.exe&#10;Build info: version: &apos;3.141.59&apos;, revision: &apos;e82be7d358&apos;, time: &apos;2018-11-14T08:17:03&apos;&#10;System info: host: &apos;SURAJ-DB22&apos;, ip: &apos;192.168.1.188&apos;, os.name: &apos;Windows 11&apos;, os.arch: &apos;amd64&apos;, os.version: &apos;10.0&apos;, java.version: &apos;17.0.8&apos;&#10;Driver info: driver.version: ChromeDriver&#10;remote stacktrace: Backtrace:&#10;	GetHandleVerifier [0x0119A813+48355]&#10;	(No symbol) [0x0112C4B1]&#10;	(No symbol) [0x01035358]&#10;	(No symbol) [0x010561AC]&#10;	(No symbol) [0x01051EF3]&#10;	(No symbol) [0x01050579]&#10;	(No symbol) [0x01080C55]&#10;	(No symbol) [0x0108093C]&#10;	(No symbol) [0x0107A536]&#10;	(No symbol) [0x010582DC]&#10;	(No symbol) [0x010593DD]&#10;	GetHandleVerifier [0x013FAABD+2539405]&#10;	GetHandleVerifier [0x0143A78F+2800735]&#10;	GetHandleVerifier [0x0143456C+2775612]&#10;	GetHandleVerifier [0x012251E0+616112]&#10;	(No symbol) [0x01135F8C]&#10;	(No symbol) [0x01132328]&#10;	(No symbol) [0x0113240B]&#10;	(No symbol) [0x01124FF7]&#10;	BaseThreadInitThunk [0x76707BA9+25]&#10;	RtlInitializeExceptionChain [0x7741B79B+107]&#10;	RtlClearBits [0x7741B71F+191]&#10;" type="org.openqa.selenium.SessionNotCreatedException"><![CDATA[org.openqa.selenium.SessionNotCreatedException: 
session not created: This version of ChromeDriver only supports Chrome version 114
Current browser version is 118.0.5993.71 with binary path C:\Program Files\Google\Chrome\Application\chrome.exe
Build info: version: '3.141.59', revision: 'e82be7d358', time: '2018-11-14T08:17:03'
System info: host: 'SURAJ-DB22', ip: '192.168.1.188', os.name: 'Windows 11', os.arch: 'amd64', os.version: '10.0', java.version: '17.0.8'
Driver info: driver.version: ChromeDriver
remote stacktrace: Backtrace:
	GetHandleVerifier [0x0119A813+48355]
	(No symbol) [0x0112C4B1]
	(No symbol) [0x01035358]
	(No symbol) [0x010561AC]
	(No symbol) [0x01051EF3]
	(No symbol) [0x01050579]
	(No symbol) [0x01080C55]
	(No symbol) [0x0108093C]
	(No symbol) [0x0107A536]
	(No symbol) [0x010582DC]
	(No symbol) [0x010593DD]
	GetHandleVerifier [0x013FAABD+2539405]
	GetHandleVerifier [0x0143A78F+2800735]
	GetHandleVerifier [0x0143456C+2775612]
	GetHandleVerifier [0x012251E0+616112]
	(No symbol) [0x01135F8C]
	(No symbol) [0x01132328]
	(No symbol) [0x0113240B]
	(No symbol) [0x01124FF7]
	BaseThreadInitThunk [0x76707BA9+25]
	RtlInitializeExceptionChain [0x7741B79B+107]
	RtlClearBits [0x7741B71F+191]

]]></failure>
    <system-err><![CDATA[Starting ChromeDriver 114.0.5735.90 (386bc09e8f4f2e025eddae123f36f6263096ae49-refs/branch-heads/5735@{#1052}) on port 19558
Only local connections are allowed.
Please see https://chromedriver.chromium.org/security-considerations for suggestions on keeping ChromeDriver safe.
ChromeDriver was started successfully.
]]></system-err>
  </testcase>
  <testcase name="setupExtentEnv" classname="com.vyasa.tests.DataDrivenTest" time="0">
    <skipped/>
  </testcase>
  <testcase name="openBrowser" classname="com.vyasa.tests.DataDrivenTest" time="0">
    <skipped/>
  </testcase>
  <testcase name="register" classname="com.vyasa.tests.DataDrivenTest" time="0">
    <skipped/>
  </testcase>
  <testcase name="register" classname="com.vyasa.tests.DataDrivenTest" time="0">
    <skipped/>
  </testcase>
  <testcase name="register" classname="com.vyasa.tests.DataDrivenTest" time="0">
    <skipped/>
  </testcase>
  <testcase name="register" classname="com.vyasa.tests.DataDrivenTest" time="0">
    <skipped/>
  </testcase>
  <testcase name="register" classname="com.vyasa.tests.DataDrivenTest" time="0">
    <skipped/>
  </testcase>
  <testcase name="register" classname="com.vyasa.tests.DataDrivenTest" time="0">
    <skipped/>
  </testcase>
  <testcase name="loginform" classname="com.vyasa.tests.DataDrivenTest" time="0">
    <skipped message="session not created: This version of ChromeDriver only supports Chrome version 114&#10;Current browser version is 118.0.5993.71 with binary path C:\Program Files\Google\Chrome\Application\chrome.exe&#10;Build info: version: &apos;3.141.59&apos;, revision: &apos;e82be7d358&apos;, time: &apos;2018-11-14T08:17:03&apos;&#10;System info: host: &apos;SURAJ-DB22&apos;, ip: &apos;192.168.1.188&apos;, os.name: &apos;Windows 11&apos;, os.arch: &apos;amd64&apos;, os.version: &apos;10.0&apos;, java.version: &apos;17.0.8&apos;&#10;Driver info: driver.version: ChromeDriver&#10;remote stacktrace: Backtrace:&#10;	GetHandleVerifier [0x0119A813+48355]&#10;	(No symbol) [0x0112C4B1]&#10;	(No symbol) [0x01035358]&#10;	(No symbol) [0x010561AC]&#10;	(No symbol) [0x01051EF3]&#10;	(No symbol) [0x01050579]&#10;	(No symbol) [0x01080C55]&#10;	(No symbol) [0x0108093C]&#10;	(No symbol) [0x0107A536]&#10;	(No symbol) [0x010582DC]&#10;	(No symbol) [0x010593DD]&#10;	GetHandleVerifier [0x013FAABD+2539405]&#10;	GetHandleVerifier [0x0143A78F+2800735]&#10;	GetHandleVerifier [0x0143456C+2775612]&#10;	GetHandleVerifier [0x012251E0+616112]&#10;	(No symbol) [0x01135F8C]&#10;	(No symbol) [0x01132328]&#10;	(No symbol) [0x0113240B]&#10;	(No symbol) [0x01124FF7]&#10;	BaseThreadInitThunk [0x76707BA9+25]&#10;	RtlInitializeExceptionChain [0x7741B79B+107]&#10;	RtlClearBits [0x7741B71F+191]&#10;"/>
  </testcase>
  <testcase name="loginform" classname="com.vyasa.tests.DataDrivenTest" time="0">
    <skipped message="session not created: This version of ChromeDriver only supports Chrome version 114&#10;Current browser version is 118.0.5993.71 with binary path C:\Program Files\Google\Chrome\Application\chrome.exe&#10;Build info: version: &apos;3.141.59&apos;, revision: &apos;e82be7d358&apos;, time: &apos;2018-11-14T08:17:03&apos;&#10;System info: host: &apos;SURAJ-DB22&apos;, ip: &apos;192.168.1.188&apos;, os.name: &apos;Windows 11&apos;, os.arch: &apos;amd64&apos;, os.version: &apos;10.0&apos;, java.version: &apos;17.0.8&apos;&#10;Driver info: driver.version: ChromeDriver&#10;remote stacktrace: Backtrace:&#10;	GetHandleVerifier [0x0119A813+48355]&#10;	(No symbol) [0x0112C4B1]&#10;	(No symbol) [0x01035358]&#10;	(No symbol) [0x010561AC]&#10;	(No symbol) [0x01051EF3]&#10;	(No symbol) [0x01050579]&#10;	(No symbol) [0x01080C55]&#10;	(No symbol) [0x0108093C]&#10;	(No symbol) [0x0107A536]&#10;	(No symbol) [0x010582DC]&#10;	(No symbol) [0x010593DD]&#10;	GetHandleVerifier [0x013FAABD+2539405]&#10;	GetHandleVerifier [0x0143A78F+2800735]&#10;	GetHandleVerifier [0x0143456C+2775612]&#10;	GetHandleVerifier [0x012251E0+616112]&#10;	(No symbol) [0x01135F8C]&#10;	(No symbol) [0x01132328]&#10;	(No symbol) [0x0113240B]&#10;	(No symbol) [0x01124FF7]&#10;	BaseThreadInitThunk [0x76707BA9+25]&#10;	RtlInitializeExceptionChain [0x7741B79B+107]&#10;	RtlClearBits [0x7741B71F+191]&#10;"/>
  </testcase>
  <testcase name="loginform" classname="com.vyasa.tests.DataDrivenTest" time="0">
    <skipped message="session not created: This version of ChromeDriver only supports Chrome version 114&#10;Current browser version is 118.0.5993.71 with binary path C:\Program Files\Google\Chrome\Application\chrome.exe&#10;Build info: version: &apos;3.141.59&apos;, revision: &apos;e82be7d358&apos;, time: &apos;2018-11-14T08:17:03&apos;&#10;System info: host: &apos;SURAJ-DB22&apos;, ip: &apos;192.168.1.188&apos;, os.name: &apos;Windows 11&apos;, os.arch: &apos;amd64&apos;, os.version: &apos;10.0&apos;, java.version: &apos;17.0.8&apos;&#10;Driver info: driver.version: ChromeDriver&#10;remote stacktrace: Backtrace:&#10;	GetHandleVerifier [0x0119A813+48355]&#10;	(No symbol) [0x0112C4B1]&#10;	(No symbol) [0x01035358]&#10;	(No symbol) [0x010561AC]&#10;	(No symbol) [0x01051EF3]&#10;	(No symbol) [0x01050579]&#10;	(No symbol) [0x01080C55]&#10;	(No symbol) [0x0108093C]&#10;	(No symbol) [0x0107A536]&#10;	(No symbol) [0x010582DC]&#10;	(No symbol) [0x010593DD]&#10;	GetHandleVerifier [0x013FAABD+2539405]&#10;	GetHandleVerifier [0x0143A78F+2800735]&#10;	GetHandleVerifier [0x0143456C+2775612]&#10;	GetHandleVerifier [0x012251E0+616112]&#10;	(No symbol) [0x01135F8C]&#10;	(No symbol) [0x01132328]&#10;	(No symbol) [0x0113240B]&#10;	(No symbol) [0x01124FF7]&#10;	BaseThreadInitThunk [0x76707BA9+25]&#10;	RtlInitializeExceptionChain [0x7741B79B+107]&#10;	RtlClearBits [0x7741B71F+191]&#10;"/>
  </testcase>
  <testcase name="loginform" classname="com.vyasa.tests.DataDrivenTest" time="0">
    <skipped message="session not created: This version of ChromeDriver only supports Chrome version 114&#10;Current browser version is 118.0.5993.71 with binary path C:\Program Files\Google\Chrome\Application\chrome.exe&#10;Build info: version: &apos;3.141.59&apos;, revision: &apos;e82be7d358&apos;, time: &apos;2018-11-14T08:17:03&apos;&#10;System info: host: &apos;SURAJ-DB22&apos;, ip: &apos;192.168.1.188&apos;, os.name: &apos;Windows 11&apos;, os.arch: &apos;amd64&apos;, os.version: &apos;10.0&apos;, java.version: &apos;17.0.8&apos;&#10;Driver info: driver.version: ChromeDriver&#10;remote stacktrace: Backtrace:&#10;	GetHandleVerifier [0x0119A813+48355]&#10;	(No symbol) [0x0112C4B1]&#10;	(No symbol) [0x01035358]&#10;	(No symbol) [0x010561AC]&#10;	(No symbol) [0x01051EF3]&#10;	(No symbol) [0x01050579]&#10;	(No symbol) [0x01080C55]&#10;	(No symbol) [0x0108093C]&#10;	(No symbol) [0x0107A536]&#10;	(No symbol) [0x010582DC]&#10;	(No symbol) [0x010593DD]&#10;	GetHandleVerifier [0x013FAABD+2539405]&#10;	GetHandleVerifier [0x0143A78F+2800735]&#10;	GetHandleVerifier [0x0143456C+2775612]&#10;	GetHandleVerifier [0x012251E0+616112]&#10;	(No symbol) [0x01135F8C]&#10;	(No symbol) [0x01132328]&#10;	(No symbol) [0x0113240B]&#10;	(No symbol) [0x01124FF7]&#10;	BaseThreadInitThunk [0x76707BA9+25]&#10;	RtlInitializeExceptionChain [0x7741B79B+107]&#10;	RtlClearBits [0x7741B71F+191]&#10;"/>
  </testcase>
  <testcase name="loginform" classname="com.vyasa.tests.DataDrivenTest" time="0">
    <skipped message="session not created: This version of ChromeDriver only supports Chrome version 114&#10;Current browser version is 118.0.5993.71 with binary path C:\Program Files\Google\Chrome\Application\chrome.exe&#10;Build info: version: &apos;3.141.59&apos;, revision: &apos;e82be7d358&apos;, time: &apos;2018-11-14T08:17:03&apos;&#10;System info: host: &apos;SURAJ-DB22&apos;, ip: &apos;192.168.1.188&apos;, os.name: &apos;Windows 11&apos;, os.arch: &apos;amd64&apos;, os.version: &apos;10.0&apos;, java.version: &apos;17.0.8&apos;&#10;Driver info: driver.version: ChromeDriver&#10;remote stacktrace: Backtrace:&#10;	GetHandleVerifier [0x0119A813+48355]&#10;	(No symbol) [0x0112C4B1]&#10;	(No symbol) [0x01035358]&#10;	(No symbol) [0x010561AC]&#10;	(No symbol) [0x01051EF3]&#10;	(No symbol) [0x01050579]&#10;	(No symbol) [0x01080C55]&#10;	(No symbol) [0x0108093C]&#10;	(No symbol) [0x0107A536]&#10;	(No symbol) [0x010582DC]&#10;	(No symbol) [0x010593DD]&#10;	GetHandleVerifier [0x013FAABD+2539405]&#10;	GetHandleVerifier [0x0143A78F+2800735]&#10;	GetHandleVerifier [0x0143456C+2775612]&#10;	GetHandleVerifier [0x012251E0+616112]&#10;	(No symbol) [0x01135F8C]&#10;	(No symbol) [0x01132328]&#10;	(No symbol) [0x0113240B]&#10;	(No symbol) [0x01124FF7]&#10;	BaseThreadInitThunk [0x76707BA9+25]&#10;	RtlInitializeExceptionChain [0x7741B79B+107]&#10;	RtlClearBits [0x7741B71F+191]&#10;"/>
  </testcase>
  <testcase name="loginform" classname="com.vyasa.tests.DataDrivenTest" time="0">
    <skipped message="session not created: This version of ChromeDriver only supports Chrome version 114&#10;Current browser version is 118.0.5993.71 with binary path C:\Program Files\Google\Chrome\Application\chrome.exe&#10;Build info: version: &apos;3.141.59&apos;, revision: &apos;e82be7d358&apos;, time: &apos;2018-11-14T08:17:03&apos;&#10;System info: host: &apos;SURAJ-DB22&apos;, ip: &apos;192.168.1.188&apos;, os.name: &apos;Windows 11&apos;, os.arch: &apos;amd64&apos;, os.version: &apos;10.0&apos;, java.version: &apos;17.0.8&apos;&#10;Driver info: driver.version: ChromeDriver&#10;remote stacktrace: Backtrace:&#10;	GetHandleVerifier [0x0119A813+48355]&#10;	(No symbol) [0x0112C4B1]&#10;	(No symbol) [0x01035358]&#10;	(No symbol) [0x010561AC]&#10;	(No symbol) [0x01051EF3]&#10;	(No symbol) [0x01050579]&#10;	(No symbol) [0x01080C55]&#10;	(No symbol) [0x0108093C]&#10;	(No symbol) [0x0107A536]&#10;	(No symbol) [0x010582DC]&#10;	(No symbol) [0x010593DD]&#10;	GetHandleVerifier [0x013FAABD+2539405]&#10;	GetHandleVerifier [0x0143A78F+2800735]&#10;	GetHandleVerifier [0x0143456C+2775612]&#10;	GetHandleVerifier [0x012251E0+616112]&#10;	(No symbol) [0x01135F8C]&#10;	(No symbol) [0x01132328]&#10;	(No symbol) [0x0113240B]&#10;	(No symbol) [0x01124FF7]&#10;	BaseThreadInitThunk [0x76707BA9+25]&#10;	RtlInitializeExceptionChain [0x7741B79B+107]&#10;	RtlClearBits [0x7741B71F+191]&#10;"/>
  </testcase>
  <testcase name="tearDown" classname="com.vyasa.tests.DataDrivenTest" time="0">
    <skipped/>
  </testcase>
  <testcase name="tearDown" classname="com.vyasa.tests.DataDrivenTest" time="0">
    <skipped/>
  </testcase>
  <testcase name="tearDown" classname="com.vyasa.tests.DataDrivenTest" time="0">
    <skipped/>
  </testcase>
  <testcase name="tearDown" classname="com.vyasa.tests.DataDrivenTest" time="0">
    <skipped/>
  </testcase>
  <testcase name="tearDown" classname="com.vyasa.tests.DataDrivenTest" time="0">
    <skipped/>
  </testcase>
  <testcase name="tearDown" classname="com.vyasa.tests.DataDrivenTest" time="0">
    <skipped/>
  </testcase>
  <testcase name="cleanup" classname="com.vyasa.tests.DataDrivenTest" time="0">
    <skipped/>
  </testcase>
  <testcase name="browserTeardown" classname="com.vyasa.tests.DataDrivenTest" time="0">
    <skipped/>
  </testcase>
  <testcase name="register" classname="com.vyasa.tests.HomePageTests" time="0">
    <skipped/>
  </testcase>
  <testcase name="register" classname="com.vyasa.tests.HomePageTests" time="0">
    <skipped/>
  </testcase>
  <testcase name="register" classname="com.vyasa.tests.HomePageTests" time="0">
    <skipped/>
  </testcase>
  <testcase name="register" classname="com.vyasa.tests.HomePageTests" time="0">
    <skipped/>
  </testcase>
  <testcase name="register" classname="com.vyasa.tests.HomePageTests" time="0">
    <skipped/>
  </testcase>
  <testcase name="Setup" classname="com.vyasa.tests.HomePageTests" time="0">
    <skipped/>
  </testcase>
  <testcase name="Setup" classname="com.vyasa.tests.HomePageTests" time="0">
    <skipped/>
  </testcase>
  <testcase name="Setup" classname="com.vyasa.tests.HomePageTests" time="0">
    <skipped/>
  </testcase>
  <testcase name="Setup" classname="com.vyasa.tests.HomePageTests" time="0">
    <skipped/>
  </testcase>
  <testcase name="Setup" classname="com.vyasa.tests.HomePageTests" time="0">
    <skipped/>
  </testcase>
  <testcase name="verifyHomePageTitle" classname="com.vyasa.tests.HomePageTests" time="0">
    <skipped message="session not created: This version of ChromeDriver only supports Chrome version 114&#10;Current browser version is 118.0.5993.71 with binary path C:\Program Files\Google\Chrome\Application\chrome.exe&#10;Build info: version: &apos;3.141.59&apos;, revision: &apos;e82be7d358&apos;, time: &apos;2018-11-14T08:17:03&apos;&#10;System info: host: &apos;SURAJ-DB22&apos;, ip: &apos;192.168.1.188&apos;, os.name: &apos;Windows 11&apos;, os.arch: &apos;amd64&apos;, os.version: &apos;10.0&apos;, java.version: &apos;17.0.8&apos;&#10;Driver info: driver.version: ChromeDriver&#10;remote stacktrace: Backtrace:&#10;	GetHandleVerifier [0x0119A813+48355]&#10;	(No symbol) [0x0112C4B1]&#10;	(No symbol) [0x01035358]&#10;	(No symbol) [0x010561AC]&#10;	(No symbol) [0x01051EF3]&#10;	(No symbol) [0x01050579]&#10;	(No symbol) [0x01080C55]&#10;	(No symbol) [0x0108093C]&#10;	(No symbol) [0x0107A536]&#10;	(No symbol) [0x010582DC]&#10;	(No symbol) [0x010593DD]&#10;	GetHandleVerifier [0x013FAABD+2539405]&#10;	GetHandleVerifier [0x0143A78F+2800735]&#10;	GetHandleVerifier [0x0143456C+2775612]&#10;	GetHandleVerifier [0x012251E0+616112]&#10;	(No symbol) [0x01135F8C]&#10;	(No symbol) [0x01132328]&#10;	(No symbol) [0x0113240B]&#10;	(No symbol) [0x01124FF7]&#10;	BaseThreadInitThunk [0x76707BA9+25]&#10;	RtlInitializeExceptionChain [0x7741B79B+107]&#10;	RtlClearBits [0x7741B71F+191]&#10;"/>
  </testcase>
  <testcase name="tearDown" classname="com.vyasa.tests.HomePageTests" time="0">
    <skipped/>
  </testcase>
  <testcase name="tearDown" classname="com.vyasa.tests.HomePageTests" time="0">
    <skipped/>
  </testcase>
  <testcase name="tearDown" classname="com.vyasa.tests.HomePageTests" time="0">
    <skipped/>
  </testcase>
  <testcase name="tearDown" classname="com.vyasa.tests.HomePageTests" time="0">
    <skipped/>
  </testcase>
  <testcase name="tearDown" classname="com.vyasa.tests.HomePageTests" time="0">
    <skipped/>
  </testcase>
  <testcase name="verifyNewArrivalsDisplayed" classname="com.vyasa.tests.HomePageTests" time="0">
    <skipped message="session not created: This version of ChromeDriver only supports Chrome version 114&#10;Current browser version is 118.0.5993.71 with binary path C:\Program Files\Google\Chrome\Application\chrome.exe&#10;Build info: version: &apos;3.141.59&apos;, revision: &apos;e82be7d358&apos;, time: &apos;2018-11-14T08:17:03&apos;&#10;System info: host: &apos;SURAJ-DB22&apos;, ip: &apos;192.168.1.188&apos;, os.name: &apos;Windows 11&apos;, os.arch: &apos;amd64&apos;, os.version: &apos;10.0&apos;, java.version: &apos;17.0.8&apos;&#10;Driver info: driver.version: ChromeDriver&#10;remote stacktrace: Backtrace:&#10;	GetHandleVerifier [0x0119A813+48355]&#10;	(No symbol) [0x0112C4B1]&#10;	(No symbol) [0x01035358]&#10;	(No symbol) [0x010561AC]&#10;	(No symbol) [0x01051EF3]&#10;	(No symbol) [0x01050579]&#10;	(No symbol) [0x01080C55]&#10;	(No symbol) [0x0108093C]&#10;	(No symbol) [0x0107A536]&#10;	(No symbol) [0x010582DC]&#10;	(No symbol) [0x010593DD]&#10;	GetHandleVerifier [0x013FAABD+2539405]&#10;	GetHandleVerifier [0x0143A78F+2800735]&#10;	GetHandleVerifier [0x0143456C+2775612]&#10;	GetHandleVerifier [0x012251E0+616112]&#10;	(No symbol) [0x01135F8C]&#10;	(No symbol) [0x01132328]&#10;	(No symbol) [0x0113240B]&#10;	(No symbol) [0x01124FF7]&#10;	BaseThreadInitThunk [0x76707BA9+25]&#10;	RtlInitializeExceptionChain [0x7741B79B+107]&#10;	RtlClearBits [0x7741B71F+191]&#10;"/>
  </testcase>
  <testcase name="verifyFirstBookTitle" classname="com.vyasa.tests.HomePageTests" time="0">
    <skipped message="session not created: This version of ChromeDriver only supports Chrome version 114&#10;Current browser version is 118.0.5993.71 with binary path C:\Program Files\Google\Chrome\Application\chrome.exe&#10;Build info: version: &apos;3.141.59&apos;, revision: &apos;e82be7d358&apos;, time: &apos;2018-11-14T08:17:03&apos;&#10;System info: host: &apos;SURAJ-DB22&apos;, ip: &apos;192.168.1.188&apos;, os.name: &apos;Windows 11&apos;, os.arch: &apos;amd64&apos;, os.version: &apos;10.0&apos;, java.version: &apos;17.0.8&apos;&#10;Driver info: driver.version: ChromeDriver&#10;remote stacktrace: Backtrace:&#10;	GetHandleVerifier [0x0119A813+48355]&#10;	(No symbol) [0x0112C4B1]&#10;	(No symbol) [0x01035358]&#10;	(No symbol) [0x010561AC]&#10;	(No symbol) [0x01051EF3]&#10;	(No symbol) [0x01050579]&#10;	(No symbol) [0x01080C55]&#10;	(No symbol) [0x0108093C]&#10;	(No symbol) [0x0107A536]&#10;	(No symbol) [0x010582DC]&#10;	(No symbol) [0x010593DD]&#10;	GetHandleVerifier [0x013FAABD+2539405]&#10;	GetHandleVerifier [0x0143A78F+2800735]&#10;	GetHandleVerifier [0x0143456C+2775612]&#10;	GetHandleVerifier [0x012251E0+616112]&#10;	(No symbol) [0x01135F8C]&#10;	(No symbol) [0x01132328]&#10;	(No symbol) [0x0113240B]&#10;	(No symbol) [0x01124FF7]&#10;	BaseThreadInitThunk [0x76707BA9+25]&#10;	RtlInitializeExceptionChain [0x7741B79B+107]&#10;	RtlClearBits [0x7741B71F+191]&#10;"/>
  </testcase>
  <testcase name="verifySecondBookTitle" classname="com.vyasa.tests.HomePageTests" time="0">
    <skipped message="session not created: This version of ChromeDriver only supports Chrome version 114&#10;Current browser version is 118.0.5993.71 with binary path C:\Program Files\Google\Chrome\Application\chrome.exe&#10;Build info: version: &apos;3.141.59&apos;, revision: &apos;e82be7d358&apos;, time: &apos;2018-11-14T08:17:03&apos;&#10;System info: host: &apos;SURAJ-DB22&apos;, ip: &apos;192.168.1.188&apos;, os.name: &apos;Windows 11&apos;, os.arch: &apos;amd64&apos;, os.version: &apos;10.0&apos;, java.version: &apos;17.0.8&apos;&#10;Driver info: driver.version: ChromeDriver&#10;remote stacktrace: Backtrace:&#10;	GetHandleVerifier [0x0119A813+48355]&#10;	(No symbol) [0x0112C4B1]&#10;	(No symbol) [0x01035358]&#10;	(No symbol) [0x010561AC]&#10;	(No symbol) [0x01051EF3]&#10;	(No symbol) [0x01050579]&#10;	(No symbol) [0x01080C55]&#10;	(No symbol) [0x0108093C]&#10;	(No symbol) [0x0107A536]&#10;	(No symbol) [0x010582DC]&#10;	(No symbol) [0x010593DD]&#10;	GetHandleVerifier [0x013FAABD+2539405]&#10;	GetHandleVerifier [0x0143A78F+2800735]&#10;	GetHandleVerifier [0x0143456C+2775612]&#10;	GetHandleVerifier [0x012251E0+616112]&#10;	(No symbol) [0x01135F8C]&#10;	(No symbol) [0x01132328]&#10;	(No symbol) [0x0113240B]&#10;	(No symbol) [0x01124FF7]&#10;	BaseThreadInitThunk [0x76707BA9+25]&#10;	RtlInitializeExceptionChain [0x7741B79B+107]&#10;	RtlClearBits [0x7741B71F+191]&#10;"/>
  </testcase>
  <testcase name="verifyThrirdBookTitle" classname="com.vyasa.tests.HomePageTests" time="0">
    <skipped message="session not created: This version of ChromeDriver only supports Chrome version 114&#10;Current browser version is 118.0.5993.71 with binary path C:\Program Files\Google\Chrome\Application\chrome.exe&#10;Build info: version: &apos;3.141.59&apos;, revision: &apos;e82be7d358&apos;, time: &apos;2018-11-14T08:17:03&apos;&#10;System info: host: &apos;SURAJ-DB22&apos;, ip: &apos;192.168.1.188&apos;, os.name: &apos;Windows 11&apos;, os.arch: &apos;amd64&apos;, os.version: &apos;10.0&apos;, java.version: &apos;17.0.8&apos;&#10;Driver info: driver.version: ChromeDriver&#10;remote stacktrace: Backtrace:&#10;	GetHandleVerifier [0x0119A813+48355]&#10;	(No symbol) [0x0112C4B1]&#10;	(No symbol) [0x01035358]&#10;	(No symbol) [0x010561AC]&#10;	(No symbol) [0x01051EF3]&#10;	(No symbol) [0x01050579]&#10;	(No symbol) [0x01080C55]&#10;	(No symbol) [0x0108093C]&#10;	(No symbol) [0x0107A536]&#10;	(No symbol) [0x010582DC]&#10;	(No symbol) [0x010593DD]&#10;	GetHandleVerifier [0x013FAABD+2539405]&#10;	GetHandleVerifier [0x0143A78F+2800735]&#10;	GetHandleVerifier [0x0143456C+2775612]&#10;	GetHandleVerifier [0x012251E0+616112]&#10;	(No symbol) [0x01135F8C]&#10;	(No symbol) [0x01132328]&#10;	(No symbol) [0x0113240B]&#10;	(No symbol) [0x01124FF7]&#10;	BaseThreadInitThunk [0x76707BA9+25]&#10;	RtlInitializeExceptionChain [0x7741B79B+107]&#10;	RtlClearBits [0x7741B71F+191]&#10;"/>
  </testcase>
  <testcase name="Setup" classname="com.vyasa.tests.MyAccountsPageTests" time="0">
    <skipped/>
  </testcase>
  <testcase name="register" classname="com.vyasa.tests.MyAccountsPageTests" time="0">
    <skipped/>
  </testcase>
  <testcase name="register" classname="com.vyasa.tests.MyAccountsPageTests" time="0">
    <skipped/>
  </testcase>
  <testcase name="verifyloginToMyAccount" classname="com.vyasa.tests.MyAccountsPageTests" time="0">
    <skipped message="session not created: This version of ChromeDriver only supports Chrome version 114&#10;Current browser version is 118.0.5993.71 with binary path C:\Program Files\Google\Chrome\Application\chrome.exe&#10;Build info: version: &apos;3.141.59&apos;, revision: &apos;e82be7d358&apos;, time: &apos;2018-11-14T08:17:03&apos;&#10;System info: host: &apos;SURAJ-DB22&apos;, ip: &apos;192.168.1.188&apos;, os.name: &apos;Windows 11&apos;, os.arch: &apos;amd64&apos;, os.version: &apos;10.0&apos;, java.version: &apos;17.0.8&apos;&#10;Driver info: driver.version: ChromeDriver&#10;remote stacktrace: Backtrace:&#10;	GetHandleVerifier [0x0119A813+48355]&#10;	(No symbol) [0x0112C4B1]&#10;	(No symbol) [0x01035358]&#10;	(No symbol) [0x010561AC]&#10;	(No symbol) [0x01051EF3]&#10;	(No symbol) [0x01050579]&#10;	(No symbol) [0x01080C55]&#10;	(No symbol) [0x0108093C]&#10;	(No symbol) [0x0107A536]&#10;	(No symbol) [0x010582DC]&#10;	(No symbol) [0x010593DD]&#10;	GetHandleVerifier [0x013FAABD+2539405]&#10;	GetHandleVerifier [0x0143A78F+2800735]&#10;	GetHandleVerifier [0x0143456C+2775612]&#10;	GetHandleVerifier [0x012251E0+616112]&#10;	(No symbol) [0x01135F8C]&#10;	(No symbol) [0x01132328]&#10;	(No symbol) [0x0113240B]&#10;	(No symbol) [0x01124FF7]&#10;	BaseThreadInitThunk [0x76707BA9+25]&#10;	RtlInitializeExceptionChain [0x7741B79B+107]&#10;	RtlClearBits [0x7741B71F+191]&#10;"/>
  </testcase>
  <testcase name="tearDown" classname="com.vyasa.tests.MyAccountsPageTests" time="0">
    <skipped/>
  </testcase>
  <testcase name="tearDown" classname="com.vyasa.tests.MyAccountsPageTests" time="0">
    <skipped/>
  </testcase>
  <testcase name="verfiyLogoutToMyAccount" classname="com.vyasa.tests.MyAccountsPageTests" time="0">
    <skipped message="session not created: This version of ChromeDriver only supports Chrome version 114&#10;Current browser version is 118.0.5993.71 with binary path C:\Program Files\Google\Chrome\Application\chrome.exe&#10;Build info: version: &apos;3.141.59&apos;, revision: &apos;e82be7d358&apos;, time: &apos;2018-11-14T08:17:03&apos;&#10;System info: host: &apos;SURAJ-DB22&apos;, ip: &apos;192.168.1.188&apos;, os.name: &apos;Windows 11&apos;, os.arch: &apos;amd64&apos;, os.version: &apos;10.0&apos;, java.version: &apos;17.0.8&apos;&#10;Driver info: driver.version: ChromeDriver&#10;remote stacktrace: Backtrace:&#10;	GetHandleVerifier [0x0119A813+48355]&#10;	(No symbol) [0x0112C4B1]&#10;	(No symbol) [0x01035358]&#10;	(No symbol) [0x010561AC]&#10;	(No symbol) [0x01051EF3]&#10;	(No symbol) [0x01050579]&#10;	(No symbol) [0x01080C55]&#10;	(No symbol) [0x0108093C]&#10;	(No symbol) [0x0107A536]&#10;	(No symbol) [0x010582DC]&#10;	(No symbol) [0x010593DD]&#10;	GetHandleVerifier [0x013FAABD+2539405]&#10;	GetHandleVerifier [0x0143A78F+2800735]&#10;	GetHandleVerifier [0x0143456C+2775612]&#10;	GetHandleVerifier [0x012251E0+616112]&#10;	(No symbol) [0x01135F8C]&#10;	(No symbol) [0x01132328]&#10;	(No symbol) [0x0113240B]&#10;	(No symbol) [0x01124FF7]&#10;	BaseThreadInitThunk [0x76707BA9+25]&#10;	RtlInitializeExceptionChain [0x7741B79B+107]&#10;	RtlClearBits [0x7741B71F+191]&#10;"/>
  </testcase>
</testsuite>